[debug] [2022-12-11T16:00:03.946Z] ----------------------------------------------------------------------
[debug] [2022-12-11T16:00:03.948Z] Command:       C:\Program Files\nodejs\node.exe C:\Users\user\AppData\Roaming\npm\node_modules\firebase-tools\lib\bin\firebase.js init
[debug] [2022-12-11T16:00:03.949Z] CLI Version:   11.15.0
[debug] [2022-12-11T16:00:03.949Z] Platform:      win32
[debug] [2022-12-11T16:00:03.949Z] Node Version:  v16.15.1
[debug] [2022-12-11T16:00:03.950Z] Time:          Sun Dec 11 2022 22:00:03 GMT+0600 (Bangladesh Standard Time)
[debug] [2022-12-11T16:00:03.950Z] ----------------------------------------------------------------------
[debug] 
[debug] [2022-12-11T16:00:03.958Z] > command requires scopes: ["email","openid","https://www.googleapis.com/auth/cloudplatformprojects.readonly","https://www.googleapis.com/auth/firebase","https://www.googleapis.com/auth/cloud-platform"]
[debug] [2022-12-11T16:00:03.958Z] > authorizing via signed-in user (smjalsaba11757@gmail.com)
[info] 
     ######## #### ########  ######## ########     ###     ######  ########
     ##        ##  ##     ## ##       ##     ##  ##   ##  ##       ##
     ######    ##  ########  ######   ########  #########  ######  ######
     ##        ##  ##    ##  ##       ##     ## ##     ##       ## ##
     ##       #### ##     ## ######## ########  ##     ##  ######  ########

You're about to initialize a Firebase project in this directory:

  C:\Programming-hero\SCIC_Battle_Ground\personal-portfolio

Before we get started, keep in mind:

  * You are currently outside your home directory

[info] 
=== Project Setup
[info] 
[info] First, let's associate this project directory with a Firebase project.
[info] You can create multiple project aliases by running firebase use --add, 
[info] but for now we'll just set up a default project.
[info] 
[info] i  If you want to create a project in a Google Cloud organization or folder, please use "firebase projects:create" instead, and return to this command when you've created the project. 
